<?xml version="1.0" encoding="UTF-8"?>
<!-- Generated by org.testng.reporters.JUnitReportReporter -->
<testsuite skipped="0" hostname="dell" name="mytraning.testngdemo2" tests="2" failures="0" timestamp="09 一月 2018 05:05:11 GMT" time="0.030" errors="0">
  <testcase name="ronghuiTest1" time="0.020" classname="mytraning.testngdemo2"/>
  <testcase name="ronghuiTest1" time="0.010" classname="mytraning.testngdemo2"/>
</testsuite> <!-- mytraning.testngdemo2 -->
