<?xml version="1.0" encoding="UTF-8"?>
<!-- Generated by org.testng.reporters.JUnitReportReporter -->
<testsuite skipped="0" hostname="dell" name="com.yyf.ecshop.tests.LoginTest1" tests="4" failures="0" timestamp="25 二月 2018 08:26:34 GMT" time="58.288" errors="0">
  <testcase name="testLogin_success" time="25.326" classname="com.yyf.ecshop.tests.LoginTest1"/>
  <testcase name="testLogin_success" time="10.660" classname="com.yyf.ecshop.tests.LoginTest1"/>
  <testcase name="testLogin_success" time="9.069" classname="com.yyf.ecshop.tests.LoginTest1"/>
  <testcase name="testLogin_success" time="13.233" classname="com.yyf.ecshop.tests.LoginTest1"/>
</testsuite> <!-- com.yyf.ecshop.tests.LoginTest1 -->
