<?xml version="1.0" encoding="UTF-8"?>
<!-- Generated by org.testng.reporters.JUnitReportReporter -->
<testsuite skipped="0" hostname="dell" name="mytraning.testngdemo1" tests="4" failures="0" timestamp="08 一月 2018 17:14:55 GMT" time="0.047" errors="0">
  <testcase name="yyfTest2" time="0.016" classname="mytraning.testngdemo1"/>
  <testcase name="yyfTest3" time="0.000" classname="mytraning.testngdemo1"/>
  <testcase name="yyfTest1" time="0.015" classname="mytraning.testngdemo1"/>
  <testcase name="yyfTest1" time="0.016" classname="mytraning.testngdemo1"/>
</testsuite> <!-- mytraning.testngdemo1 -->
